<<<<<<< HEAD
This is pdfTeX, Version 3.14159265-2.6-1.40.17 (TeX Live 2016/Arch Linux) (preloaded format=pdflatex 2016.8.25)  12 DEC 2016 12:50
=======
This is pdfTeX, Version 3.14159265-2.6-1.40.16 (TeX Live 2015/Debian) (preloaded format=pdflatex 2016.8.22)  5 DEC 2016 14:30
>>>>>>> c36c0aefd7d800ea23687cad1a168257e649c923
entering extended mode
 restricted \write18 enabled.
 %&-line parsing enabled.
**DissertacaoFranch.tex
(./DissertacaoFranch.tex
LaTeX2e <2016/02/01>
Babel <3.9q> and hyphenation patterns for 81 language(s) loaded.
(./ppgee.cls
Document Class: ppgee 
(/usr/share/texlive/texmf-dist/tex/latex/base/report.cls
Document Class: report 2014/09/29 v1.4h Standard LaTeX document class
(/usr/share/texlive/texmf-dist/tex/latex/base/size10.clo
File: size10.clo 2014/09/29 v1.4h Standard LaTeX file (size option)
)
\c@part=\count79
\c@chapter=\count80
\c@section=\count81
\c@subsection=\count82
\c@subsubsection=\count83
\c@paragraph=\count84
\c@subparagraph=\count85
\c@figure=\count86
\c@table=\count87
\abovecaptionskip=\skip41
\belowcaptionskip=\skip42
\bibindent=\dimen102
)
(/usr/share/texlive/texmf-dist/tex/latex/pstricks/pstricks.sty
Package: pstricks 2015/11/14 v0.62 LaTeX wrapper for `PSTricks' (RN,HV)

(/usr/share/texlive/texmf-dist/tex/latex/xcolor/xcolor.sty
Package: xcolor 2007/01/21 v2.11 LaTeX color extensions (UK)

(/usr/share/texlive/texmf-dist/tex/latex/latexconfig/color.cfg
File: color.cfg 2007/01/18 v1.5 color configuration of teTeX/TeXLive
)
Package xcolor Info: Driver file: pdftex.def on input line 225.

(/usr/share/texlive/texmf-dist/tex/latex/pdftex-def/pdftex.def
File: pdftex.def 2011/05/27 v0.06d Graphics/color for pdfTeX

(/usr/share/texlive/texmf-dist/tex/generic/oberdiek/infwarerr.sty
Package: infwarerr 2010/04/08 v1.3 Providing info/warning/error messages (HO)
)
(/usr/share/texlive/texmf-dist/tex/generic/oberdiek/ltxcmds.sty
Package: ltxcmds 2011/11/09 v1.22 LaTeX kernel commands for general use (HO)
)
\Gread@gobject=\count88
)
Package xcolor Info: Model `cmy' substituted by `cmy0' on input line 1337.
Package xcolor Info: Model `hsb' substituted by `rgb' on input line 1341.
Package xcolor Info: Model `RGB' extended on input line 1353.
Package xcolor Info: Model `HTML' substituted by `rgb' on input line 1355.
Package xcolor Info: Model `Hsb' substituted by `hsb' on input line 1356.
Package xcolor Info: Model `tHsb' substituted by `hsb' on input line 1357.
Package xcolor Info: Model `HSB' substituted by `hsb' on input line 1358.
Package xcolor Info: Model `Gray' substituted by `gray' on input line 1359.
Package xcolor Info: Model `wave' substituted by `hsb' on input line 1360.
)
(/usr/share/texlive/texmf-dist/tex/generic/pstricks/pstricks.tex
(/usr/share/texlive/texmf-dist/tex/generic/xkeyval/pst-xkey.tex
File: pst-xkey.tex 2005/11/25 v1.6 PSTricks specialization of xkeyval (HA)

(/usr/share/texlive/texmf-dist/tex/latex/xkeyval/xkeyval.sty
Package: xkeyval 2014/12/03 v2.7a package option processing (HA)

(/usr/share/texlive/texmf-dist/tex/generic/xkeyval/xkeyval.tex
(/usr/share/texlive/texmf-dist/tex/generic/xkeyval/xkvutils.tex
\XKV@toks=\toks14
\XKV@tempa@toks=\toks15

(/usr/share/texlive/texmf-dist/tex/generic/xkeyval/keyval.tex))
\XKV@depth=\count89
File: xkeyval.tex 2014/12/03 v2.7a key=value parser (HA)
)))
(/usr/share/texlive/texmf-dist/tex/generic/pstricks/pst-fp.tex
`pst-fp' v0.05, 2010/01/17 (hv)
\pstFP@xs=\count90
\pstFP@xia=\count91
\pstFP@xib=\count92
\pstFP@xfa=\count93
\pstFP@xfb=\count94
\pstFP@rega=\count95
\pstFP@regb=\count96
\pstFP@regs=\count97
\pstFP@times=\count98
)
(/usr/share/texlive/texmf-dist/tex/generic/pgf/utilities/pgfutil-common.tex
\pgfutil@everybye=\toks16
\pgfutil@tempdima=\dimen103
\pgfutil@tempdimb=\dimen104

(/usr/share/texlive/texmf-dist/tex/generic/pgf/utilities/pgfutil-common-lists.t
ex)) (/usr/share/texlive/texmf-dist/tex/generic/pgf/utilities/pgfkeys.code.tex
\pgfkeys@pathtoks=\toks17
\pgfkeys@temptoks=\toks18

(/usr/share/texlive/texmf-dist/tex/generic/pgf/utilities/pgfkeysfiltered.code.t
ex
\pgfkeys@tmptoks=\toks19
)) (/usr/share/texlive/texmf-dist/tex/generic/pgf/utilities/pgffor.code.tex
(/usr/share/texlive/texmf-dist/tex/generic/pgf/math/pgfmath.code.tex
(/usr/share/texlive/texmf-dist/tex/generic/pgf/math/pgfmathcalc.code.tex
(/usr/share/texlive/texmf-dist/tex/generic/pgf/math/pgfmathutil.code.tex
\pgf@x=\dimen105
\pgf@xa=\dimen106
\pgf@xb=\dimen107
\pgf@xc=\dimen108
\pgf@y=\dimen109
\pgf@ya=\dimen110
\pgf@yb=\dimen111
\pgf@yc=\dimen112
\c@pgf@counta=\count99
\c@pgf@countb=\count100
\c@pgf@countc=\count101
\c@pgf@countd=\count102
\pgfutil@tempcnta=\count103
\pgfutil@tempcntb=\count104
)
(/usr/share/texlive/texmf-dist/tex/generic/pgf/math/pgfmathparser.code.tex
\pgfmath@dimen=\dimen113
\pgfmath@count=\count105
\pgfmath@box=\box26
\pgfmath@toks=\toks20
\pgfmath@stack@operand=\toks21
\pgfmath@stack@operation=\toks22
)
(/usr/share/texlive/texmf-dist/tex/generic/pgf/math/pgfmathfunctions.code.tex
(/usr/share/texlive/texmf-dist/tex/generic/pgf/math/pgfmathfunctions.basic.code
.tex)
(/usr/share/texlive/texmf-dist/tex/generic/pgf/math/pgfmathfunctions.trigonomet
ric.code.tex)
(/usr/share/texlive/texmf-dist/tex/generic/pgf/math/pgfmathfunctions.random.cod
e.tex)
(/usr/share/texlive/texmf-dist/tex/generic/pgf/math/pgfmathfunctions.comparison
.code.tex)
(/usr/share/texlive/texmf-dist/tex/generic/pgf/math/pgfmathfunctions.base.code.
tex)
(/usr/share/texlive/texmf-dist/tex/generic/pgf/math/pgfmathfunctions.round.code
.tex)
(/usr/share/texlive/texmf-dist/tex/generic/pgf/math/pgfmathfunctions.misc.code.
tex)
(/usr/share/texlive/texmf-dist/tex/generic/pgf/math/pgfmathfunctions.integerari
thmetics.code.tex)))
(/usr/share/texlive/texmf-dist/tex/generic/pgf/math/pgfmathfloat.code.tex
\c@pgfmathroundto@lastzeros=\count106
))
\pgffor@iter=\dimen114
\pgffor@skip=\dimen115
\pgffor@stack=\toks23
\pgffor@toks=\toks24
)
\psLoopIndex=\count107

`PSTricks' v2.64b  <2015/14/11> (tvz)
\pst@dima=\dimen116
\pst@dimb=\dimen117
\pst@dimc=\dimen118
\pst@dimd=\dimen119
\pst@dimg=\dimen120
\pst@dimh=\dimen121
\pst@dimm=\dimen122
\pst@dimn=\dimen123
\pst@dimo=\dimen124
\pst@dimp=\dimen125
\pst@hbox=\box27
\pst@ibox=\box28
\pst@boxg=\box29
\pst@cnta=\count108
\pst@cntb=\count109
\pst@cntc=\count110
\pst@cntd=\count111
\pst@cntg=\count112
\pst@cnth=\count113
\pst@cntm=\count114
\pst@cntn=\count115
\pst@cnto=\count116
\pst@cntp=\count117
\@zero=\count118
\pst@toks=\toks25
(/usr/share/texlive/texmf-dist/tex/generic/pstricks/pstricks.con)
\psunit=\dimen126
\psxunit=\dimen127
\psyunit=\dimen128
\pst@C@@rType=\count119
\pslinewidth=\dimen129
\psk@startLW=\dimen130
\psk@endLW=\dimen131
\pst@customdefs=\toks26
\pslinearc=\dimen132
\pst@symbolStep=\dimen133
\pst@symbolWidth=\dimen134
\pst@symbolLinewidth=\dimen135
\everypsbox=\toks27
\psframesep=\dimen136
\pslabelsep=\dimen137
\sh@wgridXunit=\dimen138
\sh@wgridYunit=\dimen139
\pst@shift=\dimen140
)
File: pstricks.tex 2015/14/11 v2.64b `PSTricks' (tvz,hv)

(/usr/share/texlive/texmf-dist/tex/generic/pstricks/pst-fp.tex)
File: pst-fp.tex 2015/14/11 v2.64b `PST-fp' (hv)
)
\hour=\count120
\minute=\count121
\dow=\count122
\leap=\count123
\x=\count124
\y=\count125
)
(/usr/share/texlive/texmf-dist/tex/latex/subfigure/subfigure.sty
Package: subfigure 2002/03/15 v2.1.5 subfigure package
\subfigtopskip=\skip43
\subfigcapskip=\skip44
\subfigcaptopadj=\dimen141
\subfigbottomskip=\skip45
\subfigcapmargin=\dimen142
\subfiglabelskip=\skip46
\c@subfigure=\count126
\c@lofdepth=\count127
\c@subtable=\count128
\c@lotdepth=\count129

****************************************
* Local config file subfigure.cfg used *
****************************************
(/usr/share/texlive/texmf-dist/tex/latex/subfigure/subfigure.cfg)
\subfig@top=\skip47
\subfig@bottom=\skip48
)
(/usr/share/texlive/texmf-dist/tex/latex/graphics/graphicx.sty
Package: graphicx 2014/10/28 v1.0g Enhanced LaTeX Graphics (DPC,SPQR)

(/usr/share/texlive/texmf-dist/tex/latex/graphics/graphics.sty
Package: graphics 2016/01/03 v1.0q Standard LaTeX Graphics (DPC,SPQR)

(/usr/share/texlive/texmf-dist/tex/latex/graphics/trig.sty
Package: trig 2016/01/03 v1.10 sin cos tan (DPC)
)
(/usr/share/texlive/texmf-dist/tex/latex/latexconfig/graphics.cfg
File: graphics.cfg 2010/04/23 v1.9 graphics configuration of TeX Live
)
Package graphics Info: Driver file: pdftex.def on input line 95.
)
\Gin@req@height=\dimen143
\Gin@req@width=\dimen144
)
(./Config/customization.tex
(/usr/share/texlive/texmf-dist/tex/latex/base/ifthen.sty
Package: ifthen 2014/09/29 v1.1c Standard LaTeX ifthen package (DPC)
)
(/usr/share/texlive/texmf-dist/tex/latex/base/fontenc.sty
Package: fontenc 2005/09/27 v1.99g Standard LaTeX package

(/usr/share/texlive/texmf-dist/tex/latex/base/t1enc.def
File: t1enc.def 2005/09/27 v1.99g Standard LaTeX file
LaTeX Font Info:    Redeclaring font encoding T1 on input line 48.
))
(/usr/share/texlive/texmf-dist/tex/latex/base/inputenc.sty
Package: inputenc 2015/03/17 v1.2c Input encoding file
\inpenc@prehook=\toks28
\inpenc@posthook=\toks29

(/usr/share/texlive/texmf-dist/tex/latex/base/cp1252.def
File: cp1252.def 2015/03/17 v1.2c Input encoding file
)) (./type1cm.sty
Package: type1cm 1997/02/17 v0.03 BlueSky/Y&Y Type1 CM font definitions (DPC)
)
(/usr/share/texlive/texmf-dist/tex/latex/lastpage/lastpage.sty
Package: lastpage 2015/03/29 v1.2m Refers to last page's name (HMM; JPG)
)
(/usr/share/texlive/texmf-dist/tex/latex/base/textcomp.sty
Package: textcomp 2005/09/27 v1.99g Standard LaTeX package
Package textcomp Info: Sub-encoding information:
(textcomp)               5 = only ISO-Adobe without \textcurrency
(textcomp)               4 = 5 + \texteuro
(textcomp)               3 = 4 + \textohm
(textcomp)               2 = 3 + \textestimated + \textcurrency
(textcomp)               1 = TS1 - \textcircled - \t
(textcomp)               0 = TS1 (full)
(textcomp)             Font families with sub-encoding setting implement
(textcomp)             only a restricted character set as indicated.
(textcomp)             Family '?' is the default used for unknown fonts.
(textcomp)             See the documentation for details.
Package textcomp Info: Setting ? sub-encoding to TS1/1 on input line 79.

(/usr/share/texlive/texmf-dist/tex/latex/base/ts1enc.def
File: ts1enc.def 2001/06/05 v3.0e (jk/car/fm) Standard LaTeX file
)
LaTeX Info: Redefining \oldstylenums on input line 334.
Package textcomp Info: Setting cmr sub-encoding to TS1/0 on input line 349.
Package textcomp Info: Setting cmss sub-encoding to TS1/0 on input line 350.
Package textcomp Info: Setting cmtt sub-encoding to TS1/0 on input line 351.
Package textcomp Info: Setting cmvtt sub-encoding to TS1/0 on input line 352.
Package textcomp Info: Setting cmbr sub-encoding to TS1/0 on input line 353.
Package textcomp Info: Setting cmtl sub-encoding to TS1/0 on input line 354.
Package textcomp Info: Setting ccr sub-encoding to TS1/0 on input line 355.
Package textcomp Info: Setting ptm sub-encoding to TS1/4 on input line 356.
Package textcomp Info: Setting pcr sub-encoding to TS1/4 on input line 357.
Package textcomp Info: Setting phv sub-encoding to TS1/4 on input line 358.
Package textcomp Info: Setting ppl sub-encoding to TS1/3 on input line 359.
Package textcomp Info: Setting pag sub-encoding to TS1/4 on input line 360.
Package textcomp Info: Setting pbk sub-encoding to TS1/4 on input line 361.
Package textcomp Info: Setting pnc sub-encoding to TS1/4 on input line 362.
Package textcomp Info: Setting pzc sub-encoding to TS1/4 on input line 363.
Package textcomp Info: Setting bch sub-encoding to TS1/4 on input line 364.
Package textcomp Info: Setting put sub-encoding to TS1/5 on input line 365.
Package textcomp Info: Setting uag sub-encoding to TS1/5 on input line 366.
Package textcomp Info: Setting ugq sub-encoding to TS1/5 on input line 367.
Package textcomp Info: Setting ul8 sub-encoding to TS1/4 on input line 368.
Package textcomp Info: Setting ul9 sub-encoding to TS1/4 on input line 369.
Package textcomp Info: Setting augie sub-encoding to TS1/5 on input line 370.
Package textcomp Info: Setting dayrom sub-encoding to TS1/3 on input line 371.
Package textcomp Info: Setting dayroms sub-encoding to TS1/3 on input line 372.

Package textcomp Info: Setting pxr sub-encoding to TS1/0 on input line 373.
Package textcomp Info: Setting pxss sub-encoding to TS1/0 on input line 374.
Package textcomp Info: Setting pxtt sub-encoding to TS1/0 on input line 375.
Package textcomp Info: Setting txr sub-encoding to TS1/0 on input line 376.
Package textcomp Info: Setting txss sub-encoding to TS1/0 on input line 377.
Package textcomp Info: Setting txtt sub-encoding to TS1/0 on input line 378.
Package textcomp Info: Setting lmr sub-encoding to TS1/0 on input line 379.
Package textcomp Info: Setting lmdh sub-encoding to TS1/0 on input line 380.
Package textcomp Info: Setting lmss sub-encoding to TS1/0 on input line 381.
Package textcomp Info: Setting lmssq sub-encoding to TS1/0 on input line 382.
Package textcomp Info: Setting lmvtt sub-encoding to TS1/0 on input line 383.
Package textcomp Info: Setting lmtt sub-encoding to TS1/0 on input line 384.
Package textcomp Info: Setting qhv sub-encoding to TS1/0 on input line 385.
Package textcomp Info: Setting qag sub-encoding to TS1/0 on input line 386.
Package textcomp Info: Setting qbk sub-encoding to TS1/0 on input line 387.
Package textcomp Info: Setting qcr sub-encoding to TS1/0 on input line 388.
Package textcomp Info: Setting qcs sub-encoding to TS1/0 on input line 389.
Package textcomp Info: Setting qpl sub-encoding to TS1/0 on input line 390.
Package textcomp Info: Setting qtm sub-encoding to TS1/0 on input line 391.
Package textcomp Info: Setting qzc sub-encoding to TS1/0 on input line 392.
Package textcomp Info: Setting qhvc sub-encoding to TS1/0 on input line 393.
Package textcomp Info: Setting futs sub-encoding to TS1/4 on input line 394.
Package textcomp Info: Setting futx sub-encoding to TS1/4 on input line 395.
Package textcomp Info: Setting futj sub-encoding to TS1/4 on input line 396.
Package textcomp Info: Setting hlh sub-encoding to TS1/3 on input line 397.
Package textcomp Info: Setting hls sub-encoding to TS1/3 on input line 398.
Package textcomp Info: Setting hlst sub-encoding to TS1/3 on input line 399.
Package textcomp Info: Setting hlct sub-encoding to TS1/5 on input line 400.
Package textcomp Info: Setting hlx sub-encoding to TS1/5 on input line 401.
Package textcomp Info: Setting hlce sub-encoding to TS1/5 on input line 402.
Package textcomp Info: Setting hlcn sub-encoding to TS1/5 on input line 403.
Package textcomp Info: Setting hlcw sub-encoding to TS1/5 on input line 404.
Package textcomp Info: Setting hlcf sub-encoding to TS1/5 on input line 405.
Package textcomp Info: Setting pplx sub-encoding to TS1/3 on input line 406.
Package textcomp Info: Setting pplj sub-encoding to TS1/3 on input line 407.
Package textcomp Info: Setting ptmx sub-encoding to TS1/4 on input line 408.
Package textcomp Info: Setting ptmj sub-encoding to TS1/4 on input line 409.
) (./nfssext.sty
Package: nfssext 2003/03/14 v1.2 Experimental NFSS Extensions
LaTeX Info: Redefining \itshape on input line 57.
LaTeX Info: Redefining \scshape on input line 60.
LaTeX Info: Redefining \upshape on input line 63.
)
(/usr/share/texlive/texmf-dist/tex/latex/caption/caption.sty
Package: caption 2016/02/21 v3.3-144 Customizing captions (AR)

(/usr/share/texlive/texmf-dist/tex/latex/caption/caption3.sty
Package: caption3 2016/02/04 v1.7-139 caption3 kernel (AR)
Package caption3 Info: TeX engine: e-TeX on input line 67.
\captionmargin=\dimen145
\captionmargin@=\dimen146
\captionwidth=\dimen147
\caption@tempdima=\dimen148
\caption@indent=\dimen149
\caption@parindent=\dimen150
\caption@hangindent=\dimen151
Package caption Info: Unknown document class (or package),
(caption)             standard defaults will be used.
)

Package caption Warning: Unsupported document class (or package) detected,
(caption)                usage of the caption package is not recommended.
See the caption package documentation for explanation.

Package caption Info: \@makecaption = \long macro:#1#2->\vskip \abovecaptionski
p \sbox \@tempboxa {#1: #2}\ifdim \wd \@tempboxa >\hsize \textbf {#1:} \textit 
{#2}\par \else \global \@minipagefalse \hb@xt@ \hsize {\hfil \box \@tempboxa \h
fil }\fi \vskip \belowcaptionskip .
\c@ContinuedFloat=\count130
Package caption Info: subfigure package is loaded.
) (/usr/share/texlive/texmf-dist/tex/latex/psnfss/times.sty
Package: times 2005/04/12 PSNFSS-v9.2a (SPQR) 
)
(/usr/share/texlive/texmf-dist/tex/latex/amsmath/amsmath.sty
Package: amsmath 2016/03/03 v2.15a AMS math features
\@mathmargin=\skip49

For additional information on amsmath, use the `?' option.
(/usr/share/texlive/texmf-dist/tex/latex/amsmath/amstext.sty
Package: amstext 2000/06/29 v2.01 AMS text

(/usr/share/texlive/texmf-dist/tex/latex/amsmath/amsgen.sty
File: amsgen.sty 1999/11/30 v2.0 generic functions
\@emptytoks=\toks30
\ex@=\dimen152
))
(/usr/share/texlive/texmf-dist/tex/latex/amsmath/amsbsy.sty
Package: amsbsy 1999/11/29 v1.2d Bold Symbols
\pmbraise@=\dimen153
)
(/usr/share/texlive/texmf-dist/tex/latex/amsmath/amsopn.sty
Package: amsopn 1999/12/14 v2.01 operator names
)
\inf@bad=\count131
LaTeX Info: Redefining \frac on input line 199.
\uproot@=\count132
\leftroot@=\count133
LaTeX Info: Redefining \overline on input line 297.
\classnum@=\count134
\DOTSCASE@=\count135
LaTeX Info: Redefining \ldots on input line 394.
LaTeX Info: Redefining \dots on input line 397.
LaTeX Info: Redefining \cdots on input line 518.
\Mathstrutbox@=\box30
\strutbox@=\box31
\big@size=\dimen154
LaTeX Font Info:    Redeclaring font encoding OML on input line 630.
LaTeX Font Info:    Redeclaring font encoding OMS on input line 631.
\macc@depth=\count136
\c@MaxMatrixCols=\count137
\dotsspace@=\muskip10
\c@parentequation=\count138
\dspbrk@lvl=\count139
\tag@help=\toks31
\row@=\count140
\column@=\count141
\maxfields@=\count142
\andhelp@=\toks32
\eqnshift@=\dimen155
\alignsep@=\dimen156
\tagshift@=\dimen157
\tagwidth@=\dimen158
\totwidth@=\dimen159
\lineht@=\dimen160
\@envbody=\toks33
\multlinegap=\skip50
\multlinetaggap=\skip51
\mathdisplay@stack=\toks34
LaTeX Info: Redefining \[ on input line 2735.
LaTeX Info: Redefining \] on input line 2736.
)
(/usr/share/texlive/texmf-dist/tex/latex/amsfonts/amsfonts.sty
Package: amsfonts 2013/01/14 v3.01 Basic AMSFonts support
\symAMSa=\mathgroup4
\symAMSb=\mathgroup5
LaTeX Font Info:    Overwriting math alphabet `\mathfrak' in version `bold'
(Font)                  U/euf/m/n --> U/euf/b/n on input line 106.
)
(/usr/share/texlive/texmf-dist/tex/latex/tools/bm.sty
Package: bm 2014/10/28 v1.1c Bold Symbol Support (DPC/FMi)
\symboldoperators=\mathgroup6
\symboldletters=\mathgroup7
\symboldsymbols=\mathgroup8
LaTeX Font Info:    Redeclaring math alphabet \mathbf on input line 141.
LaTeX Info: Redefining \bm on input line 207.
)
(/usr/share/texlive/texmf-dist/tex/latex/amsfonts/amssymb.sty
Package: amssymb 2013/01/14 v3.01 AMS font symbols
)
(/usr/share/texlive/texmf-dist/tex/latex/tools/indentfirst.sty
Package: indentfirst 1995/11/23 v1.03 Indent first paragraph (DPC)
)
(/usr/share/texlive/texmf-dist/tex/latex/enumitem/enumitem.sty
Package: enumitem 2011/09/28 v3.5.2 Customized lists
\enitkv@toks@=\toks35
\labelindent=\skip52
\enit@outerparindent=\dimen161
\enit@toks=\toks36
\enit@inbox=\box32
\enitdp@description=\count143
)
(/usr/share/texlive/texmf-dist/tex/latex/tools/array.sty
Package: array 2014/10/28 v2.4c Tabular extension package (FMi)
\col@sep=\dimen162
\extrarowheight=\dimen163
\NC@list=\toks37
\extratabsurround=\skip53
\backup@length=\skip54
) (./arydshln.sty
Package: arydshln 2004/08/31 v1.71 
\dashlinedash=\dimen164
\dashlinegap=\dimen165
\adl@box=\box33
\adl@height=\dimen166
\adl@heightsave=\dimen167
\adl@depth=\dimen168
\adl@depthsave=\dimen169
\adl@finaldepth=\dimen170
\adl@columns=\count144
\adl@ncol=\count145
\adl@currentcolumn=\count146
\adl@currentcolumnsave=\count147
\adl@totalheight=\count148
\adl@totalheightsave=\count149
\adl@dash=\count150
\adl@gap=\count151
\adl@cla=\count152
\adl@clb=\count153
\adl@everyvbox=\toks38
\adl@LTpagetotal=\dimen171
)
(/usr/share/texlive/texmf-dist/tex/latex/colortbl/colortbl.sty
Package: colortbl 2012/02/13 v1.0a Color table columns (DPC)
\everycr=\toks39
\minrowclearance=\skip55
)
(/usr/share/texlive/texmf-dist/tex/latex/graphics/lscape.sty
Package: lscape 2000/10/22 v3.01 Landscape Pages (DPC)
)
(/usr/share/texlive/texmf-dist/tex/latex/natbib/natbib.sty
Package: natbib 2010/09/13 8.31b (PWD, AO)
\bibhang=\skip56
\bibsep=\skip57
LaTeX Info: Redefining \cite on input line 694.
\c@NAT@ctr=\count154
)
(/usr/share/texlive/texmf-dist/tex/latex/wrapfig/wrapfig.sty
\wrapoverhang=\dimen172
\WF@size=\dimen173
\c@WF@wrappedlines=\count155
\WF@box=\box34
\WF@everypar=\toks40
Package: wrapfig 2003/01/31  v 3.6
)
(/usr/share/texlive/texmf-dist/tex/generic/babel/babel.sty
Package: babel 2016/02/24 3.9q The Babel package

(/usr/share/texlive/texmf-dist/tex/generic/babel-english/english.ldf
Language: english 2012/08/20 v3.3p English support from the babel system

(/usr/share/texlive/texmf-dist/tex/generic/babel/babel.def
File: babel.def 2016/02/24 3.9q Babel common definitions
\babel@savecnt=\count156
\U@D=\dimen174
)
\l@canadian = a dialect from \language\l@american 
\l@australian = a dialect from \language\l@british 
\l@newzealand = a dialect from \language\l@british 
)
(/usr/share/texlive/texmf-dist/tex/generic/babel-portuges/portuges.ldf
Language: portuges 2008/03/18 v1.2q Portuguese support from the babel system
Package babel Info: Making " an active character on input line 145.
))
(/usr/share/texlive/texmf-dist/tex/latex/float/float.sty
Package: float 2001/11/08 v1.3d Float enhancements (AL)
\c@float@type=\count157
\float@exts=\toks41
\float@box=\box35
\@float@everytoks=\toks42
\@floatcapt=\box36
)
(/usr/share/texlive/texmf-dist/tex/latex/psfrag/psfrag.sty
Package: psfrag 1998/04/11 v3.04 PSfrag (MCG)
\pfg@pcount=\count158
\pfg@scount=\count159
\pfg@temp=\write3
)
(/usr/share/texlive/texmf-dist/tex/generic/dvips/colordvi.sty)
(/usr/share/texlive/texmf-dist/tex/latex/fancyhdr/fancyhdr.sty
\fancy@headwidth=\skip58
\f@ncyO@elh=\skip59
\f@ncyO@erh=\skip60
\f@ncyO@olh=\skip61
\f@ncyO@orh=\skip62
\f@ncyO@elf=\skip63
\f@ncyO@erf=\skip64
\f@ncyO@olf=\skip65
\f@ncyO@orf=\skip66
) (./yfonts.sty
Package: yfonts 2003/01/08 v1.3 (WaS)
)
(/usr/share/texlive/texmf-dist/tex/latex/pstricks-add/pstricks-add.sty
(/usr/share/texlive/texmf-dist/tex/latex/pst-plot/pst-plot.sty
Package: pst-plot 2011/06/05 v1.00 LaTeX wrapper for `pst-plot' (HV)

(/usr/share/texlive/texmf-dist/tex/latex/xkeyval/pst-xkey.sty
Package: pst-xkey 2005/11/25 v1.6 package wrapper for pst-xkey.tex (HA)
)
(/usr/share/texlive/texmf-dist/tex/latex/multido/multido.sty
Package: multido 2004/05/17 package wrapper for PSTricks `multido.tex', (HV/RN)


(/usr/share/texlive/texmf-dist/tex/generic/multido/multido.tex
 v1.42, 2010/05/14 <tvz>
\multido@count=\count160
\multidocount=\count161
\multido@stuff=\toks43
)
File: multido.tex 2010/05/14 v1.42 `multido' (tvz,hv)
)
Package: pst-plot 2011/04/13 package wrapper for pst-plot.tex (hv)

(/usr/share/texlive/texmf-dist/tex/generic/pst-plot/pst-plot.tex
(/usr/share/texlive/texmf-dist/tex/generic/pst-tools/pst-tools.tex
`PST-tools' v0.05, 2014/05/12 (hv))  v1.70, 2014/08/23 (tvz,hv)
\pstRadUnit=\dimen175
\pstRadUnitInv=\dimen176
\pst@linecnt=\count162
\RCD@file=\read1
\psxlabelsep=\dimen177
\psylabelsep=\dimen178
\psk@subticksize=\dimen179
\pst@xticksizeA=\dimen180
\pst@xticksizeB=\dimen181
\pst@xticksizeC=\dimen182
\pst@yticksizeA=\dimen183
\pst@yticksizeB=\dimen184
\pst@yticksizeC=\dimen185
\@digitcounter=\count163
\psk@llx=\dimen186
\psk@lly=\dimen187
\psk@urx=\dimen188
\psk@ury=\dimen189
\pst@xunit=\dimen190
\pst@yunit=\dimen191
)
File: pst-plot.tex 2014/08/23 1.70 `pst-plot' (tvz,hv)
)
(/usr/share/texlive/texmf-dist/tex/latex/pst-node/pst-node.sty
Package: pst-node 2012/09/18 v1.01 LaTeX wrapper for `pst-node' (HV)
Package: pst-node 2010/04/22 package wrapper for pst-node.tex

(/usr/share/texlive/texmf-dist/tex/generic/pst-node/pst-node.tex
 v1.35, 2014/08/04
\psrow=\count164
\pscol=\count165
\psmatrixcnt=\count166
\psrowsep=\skip67
\pscolsep=\skip68
\pst@args=\count167
\num@pts=\count168
\pst@argcnt=\count169
)
File: pst-node.tex 2014/08/04 1.35 `pst-node' (tvz,hv)
) (/usr/share/texlive/texmf-dist/tex/latex/pst-3d/pst-3d.sty
Package: pst-3d 2009/07/28 package wrapper for pst-3d.tex (hv)
(/usr/share/texlive/texmf-dist/tex/generic/pst-3d/pst-3d.tex
`PST-3d' v1.11, 2010/02/14 (tvz))
File: pst-3d.tex 2010/02/14 v1.11 `PST-3d' (hv)
)
(/usr/share/texlive/texmf-dist/tex/latex/pst-math/pst-math.sty
Package: pst-math 2014/07/30 package wrapper for PSTricks pst-math.tex

(/usr/share/texlive/texmf-dist/tex/generic/pst-math/pst-math.tex
`pst-math' v0.63 , (CJ,hv))
File: pst-math.tex 2014/07/30 v0.63 `PST-math' (hv)
)
Package: pstricks-add 2010/02/11 v. 0.14 package wrapper for pstricks-add.tex (
hv)

(/usr/share/texlive/texmf-dist/tex/generic/pstricks-add/pstricks-add.tex
`pstricks-add' v3.79, 2016/02/09 (dr,hv)
\psparallelogramsep=\dimen192
\pshooklength=\dimen193
\pshookwidth=\dimen194
\pst@cntC=\count170
\chart@ColorIndex=\dimen195
\chart@ColorStep=\dimen196
\pst@chartHeight=\dimen197
\pst@chartStackDepth=\dimen198
\pst@chartStackWidth=\dimen199
\chart@Toggle=\count171
\psVectorCtr=\count172
)
File: pstricks-add.tex 2016/02/09 v3.79 `PSTricks-add' (hv)
Package pstricks-add Info: Local config file pstricks-add.cfg used on input lin
e 20.

(/usr/share/texlive/texmf-dist/tex/latex/pstricks-add/pstricks-add.cfg
File: pstricks-add.cfg 2005/01/10 v0.1 addtional user stuff (hv)
))
(/usr/share/texlive/texmf-dist/tex/latex/pstricks/pst-all.sty
Package: pst-all 2008/01/01 the main pstricks tools

(/usr/share/texlive/texmf-dist/tex/latex/pst-tree/pst-tree.sty
Package: pst-tree 2009/01/25 package wrapper for pst-tree.tex

(/usr/share/texlive/texmf-dist/tex/generic/pst-tree/pst-tree.tex
 v1.12, 2011/02/28(tvz,dg,hv)
\pstree@rootbox=\box37
\pstree@box=\box38
\psnodecnt=\count173
\pstreelevel=\count174
\pstreecnt=\count175
\pstree@cnt=\count176
\pstree@stop=\count177
)
File: pst-tree.tex 2011/02/28 1.12 `pst-tree' (tvz,hv)
)
(/usr/share/texlive/texmf-dist/tex/latex/pst-grad/pst-grad.sty
Package: pst-grad 2004/07/15 package wrapper for pst-grad.tex (hv)

(/usr/share/texlive/texmf-dist/tex/generic/pst-grad/pst-grad.tex
`pst-grad' v1.06, 2006/11/27 (tvz,dg,hv))
File: pst-grad.tex 2006/11/27 1.06 `pst-grad' (tvz)
)
(/usr/share/texlive/texmf-dist/tex/latex/pst-coil/pst-coil.sty
Package: pst-coil 2010/02/01 package wrapper for pst-coil.tex (hv)

(/usr/share/texlive/texmf-dist/tex/generic/pst-coil/pst-coil.tex
 v1.06, 2006/11/27
(/usr/share/texlive/texmf-dist/tex/generic/pst-node/pst-node.tex))
File: pst-coil.tex 2015/05/13 v1.07 `PST-coil' (tvz,hv)
)
(/usr/share/texlive/texmf-dist/tex/latex/pst-text/pst-text.sty
Package: pst-text 2006/01/01 package wrapper for pst-text.tex (hv)

(/usr/share/texlive/texmf-dist/tex/generic/pst-text/pst-text.tex
 v1.00, 2006/11/05(tvz,hv))
File: pst-text.tex 2006/11/05 1.00 `pst-text' (tvz)
)
(/usr/share/texlive/texmf-dist/tex/latex/pst-eps/pst-eps.sty
Package: pst-eps 2005/05/20 package wrapper for pst-eps.tex (hv)

(/usr/share/texlive/texmf-dist/tex/generic/pst-eps/pst-eps.tex
 v1.00, 2006/11/04
\pst@epsout=\write4
\pst@tempout=\write5
)
File: pst-eps.tex 2006/11/04 1.00 `pst-eps' (tvz)
)
(/usr/share/texlive/texmf-dist/tex/latex/pst-fill/pst-fill.sty
Package: pst-fill 2005/09/13 package wrapper for pst-fill.tex (hv)

(/usr/share/texlive/texmf-dist/tex/generic/pst-fill/pst-fill.tex
`PST-Fill' v1.01, 2007/03/10 (tvz,dg,hv)
\pst@fillbox=\box39
)
File: pst-fill.tex 2007/03/10 v1.01 `PST-fill' (tvz,dg)
)) (./pbsi.sty
Package: pbsi 2001/09/17 - BrushScriptX-Italic selection command 'textbsi'
 (./t1pbsi.fd
File: t1pbsi.fd 2001/09/24 Fontinst v1.801 font definitions for T1/pbsi.
))
(/usr/share/texlive/texmf-dist/tex/latex/ntheorem/ntheorem.sty
Style `ntheorem', Version 1.33 <2011/08/15>
Package: ntheorem 2011/08/15 1.33
\theorem@style=\toks44
\theorem@@style=\toks45
\theorembodyfont=\toks46
\theoremnumbering=\toks47
\theorempreskipamount=\skip69
\theorempostskipamount=\skip70
\theoremframepreskipamount=\skip71
\theoremframepostskipamount=\skip72
\theoreminframepreskipamount=\skip73
\theoreminframepostskipamount=\skip74
\theorem@preskip=\toks48
\theorem@postskip=\toks49
\theorem@framepreskip=\toks50
\theorem@framepostskip=\toks51
\theorem@inframepreskip=\toks52
\theorem@inframepostskip=\toks53
\theoremindent=\dimen256
\theorem@indent=\dimen257
\theoremrightindent=\dimen258
\theorem@rightindent=\dimen259
\theoremheaderfont=\toks54
\theoremseparator=\toks55
\theoremprework=\toks56
\theorempostwork=\toks57
\theoremsymbol=\toks58
\qedsymbol=\toks59
\theoremkeyword=\toks60
\qedsymbol=\toks61
\thm@topsep=\skip75
\thm@topsepadd=\skip76
Package ntheorem Info: Option `thmmarks' loaded on input line 1175.
\c@endNonectr=\count178
\c@currNonectr=\count179
\mysavskip=\skip77
Package ntheorem Info: option `amsmath' handling for `thmmarks' loaded on input
 line 1175.
\thm@amstmpdepth=\dimen260
\tagwidth=\dimen261
) (/usr/share/texlive/texmf-dist/tex/latex/multirow/multirow.sty
\bigstrutjot=\dimen262
)
(/usr/share/texlive/texmf-dist/tex/latex/amsfonts/eucal.sty
Package: eucal 2009/06/22 v3.00 Euler Script fonts
LaTeX Font Info:    Overwriting math alphabet `\EuScript' in version `bold'
(Font)                  U/eus/m/n --> U/eus/b/n on input line 33.
)
(/usr/share/texlive/texmf-dist/tex/latex/lettrine/lettrine.sty
File: lettrine.sty 2015/08/31 v1.9 (Daniel Flipo)
\c@DefaultLines=\count180
\c@DefaultDepth=\count181
\DefaultFindent=\dimen263
\DefaultNindent=\dimen264
\DefaultSlope=\dimen265
\DiscardVskip=\dimen266
\L@lbox=\box40
\L@tbox=\box41
\c@L@lines=\count182
\c@L@depth=\count183
\L@Pindent=\dimen267
\L@Findent=\dimen268
\L@Nindent=\dimen269
\L@lraise=\dimen270
\L@first=\dimen271
\L@next=\dimen272
\L@slope=\dimen273
\L@height=\dimen274
\L@novskip=\dimen275
\LettrineWidth=\dimen276
\LettrineHeight=\dimen277
\LettrineDepth=\dimen278

Loading lettrine.cfg
(/usr/share/texlive/texmf-dist/tex/latex/lettrine/lettrine.cfg))
(/usr/share/texlive/texmf-dist/tex/latex/footmisc/footmisc.sty
Package: footmisc 2011/06/06 v5.5b a miscellany of footnote facilities
\FN@temptoken=\toks62
\footnotemargin=\dimen279
\c@pp@next@reset=\count184
Package footmisc Info: Declaring symbol style bringhurst on input line 855.
Package footmisc Info: Declaring symbol style chicago on input line 863.
Package footmisc Info: Declaring symbol style wiley on input line 872.
Package footmisc Info: Declaring symbol style lamport-robust on input line 883.

Package footmisc Info: Declaring symbol style lamport* on input line 903.
Package footmisc Info: Declaring symbol style lamport*-robust on input line 924
.
)
(/usr/share/texlive/texmf-dist/tex/latex/url/url.sty
\Urlmuskip=\muskip11
Package: url 2013/09/16  ver 3.4  Verb mode for urls, etc.
)
(/usr/share/texlive/texmf-dist/tex/latex/jknapltx/mathrsfs.sty
Package: mathrsfs 1996/01/01 Math RSFS package v1.0 (jk)
\symrsfs=\mathgroup9
)
(/usr/share/texlive/texmf-dist/tex/latex/algorithms/algorithm.sty
Package: algorithm 2009/08/24 v0.1 Document Style `algorithm' - floating enviro
nment
\@float@every@algorithm=\toks63
\c@algorithm=\count185
)
(/usr/share/texlive/texmf-dist/tex/latex/varwidth/varwidth.sty
Package: varwidth 2009/03/30 ver 0.92;  Variable-width minipages
\@vwid@box=\box42
\sift@deathcycles=\count186
\@vwid@loff=\dimen280
\@vwid@roff=\dimen281
)
(/usr/share/texlive/texmf-dist/tex/latex/algorithmicx/algpseudocode.sty
Package: algpseudocode 

(/usr/share/texlive/texmf-dist/tex/latex/algorithmicx/algorithmicx.sty
Package: algorithmicx 2005/04/27 v1.2 Algorithmicx

Document Style algorithmicx 1.2 - a greatly improved `algorithmic' style
\c@ALG@line=\count187
\c@ALG@rem=\count188
\c@ALG@nested=\count189
\ALG@tlm=\skip78
\ALG@thistlm=\skip79
\c@ALG@Lnr=\count190
\c@ALG@blocknr=\count191
\c@ALG@storecount=\count192
\c@ALG@tmpcounter=\count193
\ALG@tmplength=\skip80
)
Document Style - pseudocode environments for use with the `algorithmicx' style
) (/usr/share/texlive/texmf-dist/tex/latex/pgf/frontendlayer/tikz.sty
(/usr/share/texlive/texmf-dist/tex/latex/pgf/basiclayer/pgf.sty
(/usr/share/texlive/texmf-dist/tex/latex/pgf/utilities/pgfrcs.sty
(/usr/share/texlive/texmf-dist/tex/generic/pgf/utilities/pgfutil-common.tex
\pgfutil@everybye=\toks64
\pgfutil@tempdima=\dimen282
\pgfutil@tempdimb=\dimen283

(/usr/share/texlive/texmf-dist/tex/generic/pgf/utilities/pgfutil-common-lists.t
ex)) (/usr/share/texlive/texmf-dist/tex/generic/pgf/utilities/pgfutil-latex.def
\pgfutil@abb=\box43
(/usr/share/texlive/texmf-dist/tex/latex/ms/everyshi.sty
Package: everyshi 2001/05/15 v3.00 EveryShipout Package (MS)
))
(/usr/share/texlive/texmf-dist/tex/generic/pgf/utilities/pgfrcs.code.tex
Package: pgfrcs 2015/08/07 v3.0.1a (rcs-revision 1.31)
))
Package: pgf 2015/08/07 v3.0.1a (rcs-revision 1.15)

(/usr/share/texlive/texmf-dist/tex/latex/pgf/basiclayer/pgfcore.sty
(/usr/share/texlive/texmf-dist/tex/latex/pgf/systemlayer/pgfsys.sty
(/usr/share/texlive/texmf-dist/tex/generic/pgf/systemlayer/pgfsys.code.tex
Package: pgfsys 2014/07/09 v3.0.1a (rcs-revision 1.48)

(/usr/share/texlive/texmf-dist/tex/generic/pgf/utilities/pgfkeys.code.tex)
\pgf@x=\dimen284
\pgf@y=\dimen285
\pgf@xa=\dimen286
\pgf@ya=\dimen287
\pgf@xb=\dimen288
\pgf@yb=\dimen289
\pgf@xc=\dimen290
\pgf@yc=\dimen291
\w@pgf@writea=\write6
\r@pgf@reada=\read2
\c@pgf@counta=\count194
\c@pgf@countb=\count195
\c@pgf@countc=\count196
\c@pgf@countd=\count197
\t@pgf@toka=\toks65
\t@pgf@tokb=\toks66
\t@pgf@tokc=\toks67

(/usr/share/texlive/texmf-dist/tex/generic/pgf/systemlayer/pgf.cfg
File: pgf.cfg 2008/05/14  (rcs-revision 1.7)
)
Driver file for pgf: pgfsys-pdftex.def

(/usr/share/texlive/texmf-dist/tex/generic/pgf/systemlayer/pgfsys-pdftex.def
File: pgfsys-pdftex.def 2014/10/11  (rcs-revision 1.35)

(/usr/share/texlive/texmf-dist/tex/generic/pgf/systemlayer/pgfsys-common-pdf.de
f
File: pgfsys-common-pdf.def 2013/10/10  (rcs-revision 1.13)
)))
(/usr/share/texlive/texmf-dist/tex/generic/pgf/systemlayer/pgfsyssoftpath.code.
tex
File: pgfsyssoftpath.code.tex 2013/09/09  (rcs-revision 1.9)
\pgfsyssoftpath@smallbuffer@items=\count198
\pgfsyssoftpath@bigbuffer@items=\count199
)
(/usr/share/texlive/texmf-dist/tex/generic/pgf/systemlayer/pgfsysprotocol.code.
tex
File: pgfsysprotocol.code.tex 2006/10/16  (rcs-revision 1.4)
))
(/usr/share/texlive/texmf-dist/tex/generic/pgf/basiclayer/pgfcore.code.tex
Package: pgfcore 2010/04/11 v3.0.1a (rcs-revision 1.7)

(/usr/share/texlive/texmf-dist/tex/generic/pgf/math/pgfmath.code.tex)
(/usr/share/texlive/texmf-dist/tex/generic/pgf/basiclayer/pgfcorepoints.code.te
x
File: pgfcorepoints.code.tex 2013/10/07  (rcs-revision 1.27)
\pgf@picminx=\dimen292
\pgf@picmaxx=\dimen293
\pgf@picminy=\dimen294
\pgf@picmaxy=\dimen295
\pgf@pathminx=\dimen296
\pgf@pathmaxx=\dimen297
\pgf@pathminy=\dimen298
\pgf@pathmaxy=\dimen299
\pgf@xx=\dimen300
\pgf@xy=\dimen301
\pgf@yx=\dimen302
\pgf@yy=\dimen303
\pgf@zx=\dimen304
\pgf@zy=\dimen305
)
(/usr/share/texlive/texmf-dist/tex/generic/pgf/basiclayer/pgfcorepathconstruct.
code.tex
File: pgfcorepathconstruct.code.tex 2013/10/07  (rcs-revision 1.29)
\pgf@path@lastx=\dimen306
\pgf@path@lasty=\dimen307
)
(/usr/share/texlive/texmf-dist/tex/generic/pgf/basiclayer/pgfcorepathusage.code
.tex
File: pgfcorepathusage.code.tex 2014/11/02  (rcs-revision 1.24)
\pgf@shorten@end@additional=\dimen308
\pgf@shorten@start@additional=\dimen309
)
(/usr/share/texlive/texmf-dist/tex/generic/pgf/basiclayer/pgfcorescopes.code.te
x
File: pgfcorescopes.code.tex 2015/05/08  (rcs-revision 1.46)
\pgfpic=\box44
\pgf@hbox=\box45
\pgf@layerbox@main=\box46
\pgf@picture@serial@count=\count266
)
(/usr/share/texlive/texmf-dist/tex/generic/pgf/basiclayer/pgfcoregraphicstate.c
ode.tex
File: pgfcoregraphicstate.code.tex 2014/11/02  (rcs-revision 1.12)
\pgflinewidth=\dimen310
)
(/usr/share/texlive/texmf-dist/tex/generic/pgf/basiclayer/pgfcoretransformation
s.code.tex
File: pgfcoretransformations.code.tex 2015/08/07  (rcs-revision 1.20)
\pgf@pt@x=\dimen311
\pgf@pt@y=\dimen312
\pgf@pt@temp=\dimen313
)
(/usr/share/texlive/texmf-dist/tex/generic/pgf/basiclayer/pgfcorequick.code.tex
File: pgfcorequick.code.tex 2008/10/09  (rcs-revision 1.3)
)
(/usr/share/texlive/texmf-dist/tex/generic/pgf/basiclayer/pgfcoreobjects.code.t
ex
File: pgfcoreobjects.code.tex 2006/10/11  (rcs-revision 1.2)
)
(/usr/share/texlive/texmf-dist/tex/generic/pgf/basiclayer/pgfcorepathprocessing
.code.tex
File: pgfcorepathprocessing.code.tex 2013/09/09  (rcs-revision 1.9)
)
(/usr/share/texlive/texmf-dist/tex/generic/pgf/basiclayer/pgfcorearrows.code.te
x
File: pgfcorearrows.code.tex 2015/05/14  (rcs-revision 1.43)
\pgfarrowsep=\dimen314
)
(/usr/share/texlive/texmf-dist/tex/generic/pgf/basiclayer/pgfcoreshade.code.tex
File: pgfcoreshade.code.tex 2013/07/15  (rcs-revision 1.15)
\pgf@max=\dimen315
\pgf@sys@shading@range@num=\count267
)
(/usr/share/texlive/texmf-dist/tex/generic/pgf/basiclayer/pgfcoreimage.code.tex
File: pgfcoreimage.code.tex 2013/07/15  (rcs-revision 1.18)

(/usr/share/texlive/texmf-dist/tex/generic/pgf/basiclayer/pgfcoreexternal.code.
tex
File: pgfcoreexternal.code.tex 2014/07/09  (rcs-revision 1.21)
\pgfexternal@startupbox=\box47
))
(/usr/share/texlive/texmf-dist/tex/generic/pgf/basiclayer/pgfcorelayers.code.te
x
File: pgfcorelayers.code.tex 2013/07/18  (rcs-revision 1.7)
)
(/usr/share/texlive/texmf-dist/tex/generic/pgf/basiclayer/pgfcoretransparency.c
ode.tex
File: pgfcoretransparency.code.tex 2013/09/30  (rcs-revision 1.5)
)
(/usr/share/texlive/texmf-dist/tex/generic/pgf/basiclayer/pgfcorepatterns.code.
tex
File: pgfcorepatterns.code.tex 2013/11/07  (rcs-revision 1.5)
)))
(/usr/share/texlive/texmf-dist/tex/generic/pgf/modules/pgfmoduleshapes.code.tex
File: pgfmoduleshapes.code.tex 2014/03/21  (rcs-revision 1.35)
\pgfnodeparttextbox=\box48
) (/usr/share/texlive/texmf-dist/tex/generic/pgf/modules/pgfmoduleplot.code.tex
File: pgfmoduleplot.code.tex 2015/08/03  (rcs-revision 1.13)
)
(/usr/share/texlive/texmf-dist/tex/latex/pgf/compatibility/pgfcomp-version-0-65
.sty
Package: pgfcomp-version-0-65 2007/07/03 v3.0.1a (rcs-revision 1.7)
\pgf@nodesepstart=\dimen316
\pgf@nodesepend=\dimen317
)
(/usr/share/texlive/texmf-dist/tex/latex/pgf/compatibility/pgfcomp-version-1-18
.sty
Package: pgfcomp-version-1-18 2007/07/23 v3.0.1a (rcs-revision 1.1)
)) (/usr/share/texlive/texmf-dist/tex/latex/pgf/utilities/pgffor.sty
(/usr/share/texlive/texmf-dist/tex/latex/pgf/utilities/pgfkeys.sty
(/usr/share/texlive/texmf-dist/tex/generic/pgf/utilities/pgfkeys.code.tex))
(/usr/share/texlive/texmf-dist/tex/latex/pgf/math/pgfmath.sty
(/usr/share/texlive/texmf-dist/tex/generic/pgf/math/pgfmath.code.tex))
(/usr/share/texlive/texmf-dist/tex/generic/pgf/utilities/pgffor.code.tex
Package: pgffor 2013/12/13 v3.0.1a (rcs-revision 1.25)

(/usr/share/texlive/texmf-dist/tex/generic/pgf/math/pgfmath.code.tex)
\pgffor@iter=\dimen318
\pgffor@skip=\dimen319
\pgffor@stack=\toks68
\pgffor@toks=\toks69
))
(/usr/share/texlive/texmf-dist/tex/generic/pgf/frontendlayer/tikz/tikz.code.tex
Package: tikz 2015/08/07 v3.0.1a (rcs-revision 1.151)

(/usr/share/texlive/texmf-dist/tex/generic/pgf/libraries/pgflibraryplothandlers
.code.tex
File: pgflibraryplothandlers.code.tex 2013/08/31 v3.0.1a (rcs-revision 1.20)
\pgf@plot@mark@count=\count268
\pgfplotmarksize=\dimen320
)
\tikz@lastx=\dimen321
\tikz@lasty=\dimen322
\tikz@lastxsaved=\dimen323
\tikz@lastysaved=\dimen324
\tikzleveldistance=\dimen325
\tikzsiblingdistance=\dimen326
\tikz@figbox=\box49
\tikz@figbox@bg=\box50
\tikz@tempbox=\box51
\tikz@tempbox@bg=\box52
\tikztreelevel=\count269
\tikznumberofchildren=\count270
\tikznumberofcurrentchild=\count271
\tikz@fig@count=\count272

(/usr/share/texlive/texmf-dist/tex/generic/pgf/modules/pgfmodulematrix.code.tex
File: pgfmodulematrix.code.tex 2013/09/17  (rcs-revision 1.8)
\pgfmatrixcurrentrow=\count273
\pgfmatrixcurrentcolumn=\count274
\pgf@matrix@numberofcolumns=\count275
)
\tikz@expandcount=\count276

(/usr/share/texlive/texmf-dist/tex/generic/pgf/frontendlayer/tikz/libraries/tik
zlibrarytopaths.code.tex
File: tikzlibrarytopaths.code.tex 2008/06/17 v3.0.1a (rcs-revision 1.2)
)))
(/usr/share/texlive/texmf-dist/tex/generic/pgf/frontendlayer/tikz/libraries/gra
phs/tikzlibrarygraphs.code.tex
File: tikzlibrarygraphs.code.tex 2015/06/05 v3.0.1a (rcs-revision 1.44)
\tikz@lib@auto@number=\count277
\tikz@qnode@count=\count278
)
(/usr/share/texlive/texmf-dist/tex/generic/pgf/frontendlayer/tikz/libraries/gra
phs/tikzlibrarygraphs.standard.code.tex
File: tikzlibrarygraphs.standard.code.tex 2012/02/27 v3.0.1a (rcs-revision 1.9)

)
(/usr/share/texlive/texmf-dist/tex/generic/pgf/frontendlayer/tikz/libraries/tik
zlibrarytrees.code.tex
File: tikzlibrarytrees.code.tex 2008/02/24 v3.0.1a (rcs-revision 1.2)
)
(/usr/share/texlive/texmf-dist/tex/generic/pgf/frontendlayer/tikz/libraries/tik
zlibrarypositioning.code.tex
File: tikzlibrarypositioning.code.tex 2008/10/06 v3.0.1a (rcs-revision 1.7)
)
\c@currpropositionctr=\count279
\c@endpropositionctr=\count280
\c@proposition=\count281
\c@currdefinitionctr=\count282
\c@enddefinitionctr=\count283
\c@definition=\count284
\c@currpropertyctr=\count285
\c@endpropertyctr=\count286
\c@property=\count287
\c@currtheoremctr=\count288
\c@endtheoremctr=\count289
\c@theorem=\count290
\c@currlemmactr=\count291
\c@endlemmactr=\count292
\c@lemma=\count293
\c@currcorollaryctr=\count294
\c@endcorollaryctr=\count295
\c@corollary=\count296
\c@currconjecturectr=\count297
\c@endconjecturectr=\count298
\c@conjecture=\count299
\c@currexamplectr=\count300
\c@endexamplectr=\count301
\c@example=\count302
\c@currconstructionctr=\count303
\c@endconstructionctr=\count304
\c@construction=\count305
\c@currprocedurectr=\count306
\c@endprocedurectr=\count307
\c@procedure=\count308
\c@currproofctr=\count309
\c@endproofctr=\count310
\c@proof=\count311
\c@currproof2ctr=\count312
\c@endproof2ctr=\count313
\c@proof2=\count314
\savedwidth=\skip81
LaTeX Font Info:    Redeclaring math alphabet \mathcal on input line 242.
LaTeX Font Info:    Redeclaring math alphabet \mathbb on input line 243.
\@float@every@Program=\toks70
\c@Program=\count315
\mygraphic=\box53
) (./DissertacaoFranch.aux
(./Capitula/Capitulum_1.aux) (./Capitula/Capitulum_2.aux)
(./Capitula/Capitulum_3.aux) (./Capitula/Capitulum_7.aux)
(./Capitula/Capitulum_8.aux) (./Capitula/Capitulum_6.aux)
(./Capitula/Capitulum_4.aux) (./Capitula/Capitulum_5.aux))
\openout1 = `DissertacaoFranch.aux'.

LaTeX Font Info:    Checking defaults for OML/cmm/m/it on input line 192.
LaTeX Font Info:    ... okay on input line 192.
LaTeX Font Info:    Checking defaults for T1/cmr/m/n on input line 192.
LaTeX Font Info:    ... okay on input line 192.
LaTeX Font Info:    Checking defaults for OT1/cmr/m/n on input line 192.
LaTeX Font Info:    ... okay on input line 192.
LaTeX Font Info:    Checking defaults for OMS/cmsy/m/n on input line 192.
LaTeX Font Info:    ... okay on input line 192.
LaTeX Font Info:    Checking defaults for OMX/cmex/m/n on input line 192.
LaTeX Font Info:    ... okay on input line 192.
LaTeX Font Info:    Checking defaults for U/cmr/m/n on input line 192.
LaTeX Font Info:    ... okay on input line 192.
LaTeX Font Info:    Checking defaults for TS1/cmr/m/n on input line 192.
LaTeX Font Info:    Try loading font information for TS1+cmr on input line 192.


(/usr/share/texlive/texmf-dist/tex/latex/base/ts1cmr.fd
File: ts1cmr.fd 2014/09/29 v2.5h Standard LaTeX font definitions
)
LaTeX Font Info:    ... okay on input line 192.
LaTeX Font Info:    Checking defaults for LY/yfrak/m/n on input line 192.
LaTeX Font Info:    ... okay on input line 192.
LaTeX Font Info:    Checking defaults for LYG/ygoth/m/n on input line 192.
LaTeX Font Info:    ... okay on input line 192.
LaTeX Font Info:    Try loading font information for T1+ptm on input line 192.

(/usr/share/texlive/texmf-dist/tex/latex/psnfss/t1ptm.fd
File: t1ptm.fd 2001/06/04 font definitions for T1/ptm.
)
(/usr/share/texlive/texmf-dist/tex/context/base/supp-pdf.mkii
[Loading MPS to PDF converter (version 2006.09.02).]
\scratchcounter=\count316
\scratchdimen=\dimen327
\scratchbox=\box54
\nofMPsegments=\count317
\nofMParguments=\count318
\everyMPshowfont=\toks71
\MPscratchCnt=\count319
\MPscratchDim=\dimen328
\MPnumerator=\count320
\makeMPintoPDFobject=\count321
\everyMPtoPDFconversion=\toks72
) (/usr/share/texlive/texmf-dist/tex/generic/oberdiek/pdftexcmds.sty
Package: pdftexcmds 2011/11/29 v0.20 Utility functions of pdfTeX for LuaTeX (HO
)

(/usr/share/texlive/texmf-dist/tex/generic/oberdiek/ifluatex.sty
Package: ifluatex 2010/03/01 v1.3 Provides the ifluatex switch (HO)
Package ifluatex Info: LuaTeX not detected.
)
(/usr/share/texlive/texmf-dist/tex/generic/oberdiek/ifpdf.sty
Package: ifpdf 2011/01/30 v2.3 Provides the ifpdf switch (HO)
Package ifpdf Info: pdfTeX in PDF mode is detected.
)
Package pdftexcmds Info: LuaTeX not detected.
Package pdftexcmds Info: \pdf@primitive is available.
Package pdftexcmds Info: \pdf@ifprimitive is available.
Package pdftexcmds Info: \pdfdraftmode found.
)
(/usr/share/texlive/texmf-dist/tex/latex/oberdiek/epstopdf-base.sty
Package: epstopdf-base 2010/02/09 v2.5 Base part for package epstopdf

(/usr/share/texlive/texmf-dist/tex/latex/oberdiek/grfext.sty
Package: grfext 2010/08/19 v1.1 Manage graphics extensions (HO)

(/usr/share/texlive/texmf-dist/tex/generic/oberdiek/kvdefinekeys.sty
Package: kvdefinekeys 2011/04/07 v1.3 Define keys (HO)
))
(/usr/share/texlive/texmf-dist/tex/latex/oberdiek/kvoptions.sty
Package: kvoptions 2011/06/30 v3.11 Key value format for package options (HO)

(/usr/share/texlive/texmf-dist/tex/generic/oberdiek/kvsetkeys.sty
Package: kvsetkeys 2012/04/25 v1.16 Key value parser (HO)

(/usr/share/texlive/texmf-dist/tex/generic/oberdiek/etexcmds.sty
Package: etexcmds 2011/02/16 v1.5 Avoid name clashes with e-TeX commands (HO)
Package etexcmds Info: Could not find \expanded.
(etexcmds)             That can mean that you are not using pdfTeX 1.50 or
(etexcmds)             that some package has redefined \expanded.
(etexcmds)             In the latter case, load this package earlier.
)))
Package grfext Info: Graphics extension search list:
(grfext)             [.png,.pdf,.jpg,.mps,.jpeg,.jbig2,.jb2,.PNG,.PDF,.JPG,.JPE
G,.JBIG2,.JB2,.eps]
(grfext)             \AppendGraphicsExtensions on input line 452.

(/usr/share/texlive/texmf-dist/tex/latex/latexconfig/epstopdf-sys.cfg
File: epstopdf-sys.cfg 2010/07/13 v1.3 Configuration of (r)epstopdf for TeX Liv
e
))
Package lastpage Info: Please have a look at the pageslts package at
(lastpage)             https://www.ctan.org/pkg/pageslts
(lastpage)             ! on input line 192.
Package caption Info: Begin \AtBeginDocument code.
Package caption Info: float package is loaded.
Package caption Info: wrapfig package is loaded.
Package caption Info: End \AtBeginDocument code.

ABD: EveryShipout initializing macros
LaTeX Font Info:    Font shape `T1/ptm/bx/sc' in size <14.4> not available
(Font)              Font shape `T1/ptm/b/sc' tried instead on input line 198.
LaTeX Font Info:    Try loading font information for U+rsfs on input line 198.

(/usr/share/texlive/texmf-dist/tex/latex/jknapltx/ursfs.fd
File: ursfs.fd 1998/03/24 rsfs font definition file (jk)
) [1
Non-PDF special ignored!
Non-PDF special ignored!
Non-PDF special ignored!
Non-PDF special ignored!
Non-PDF special ignored!
Non-PDF special ignored!
Non-PDF special ignored!
Non-PDF special ignored!
Non-PDF special ignored!
Non-PDF special ignored!
Non-PDF special ignored!
Non-PDF special ignored!


Non-PDF special ignored!
Non-PDF special ignored!
Non-PDF special ignored!
Non-PDF special ignored!{/var/lib/texmf/fonts/map/pdftex/updmap/pdftex.map}]
LaTeX Font Info:    Font shape `T1/ptm/bx/n' in size <14.4> not available
(Font)              Font shape `T1/ptm/b/n' tried instead on input line 206.
LaTeX Font Info:    Font shape `T1/ptm/bx/n' in size <11> not available
(Font)              Font shape `T1/ptm/b/n' tried instead on input line 206.
LaTeX Font Info:    Font shape `T1/ptm/bx/n' in size <12> not available
(Font)              Font shape `T1/ptm/b/n' tried instead on input line 206.

Underfull \hbox (badness 1242) in paragraph at lines 206--206
[]\T1/ptm/b/n/12 Dissertação \T1/ptm/m/n/11 sub-me-tida ao Pro-grama de Pós-
 []


Underfull \hbox (badness 2229) in paragraph at lines 206--206
\T1/ptm/m/n/11 Co-orientador: Prof. Da-niel Pe-dro Be-zerra
 []


Underfull \hbox (badness 10000) in paragraph at lines 206--206

 []

LaTeX Font Info:    Calculating math sizes for size <11> on input line 206.

LaTeX Font Warning: Font shape `U/rsfs/m/n' in size <5.5> not available
(Font)              size <5> substituted on input line 206.

[1] [2]
LaTeX Font Info:    Font shape `T1/ptm/bx/sc' in size <24.88> not available
(Font)              Font shape `T1/ptm/b/sc' tried instead on input line 223.
 (./Capitula/Resumo.tex) [3] (./Capitula/Abstract.tex) [4]
(./DissertacaoFranch.lof)
\tf@lof=\write7
\openout7 = `DissertacaoFranch.lof'.

 [5

] [6] (./DissertacaoFranch.lot)
\tf@lot=\write8
\openout8 = `DissertacaoFranch.lot'.

 [7

]
(./DissertacaoFranch.toc
LaTeX Font Info:    Font shape `T1/ptm/bx/sc' in size <11> not available
(Font)              Font shape `T1/ptm/b/sc' tried instead on input line 6.
 [8

])
\tf@toc=\write9
\openout9 = `DissertacaoFranch.toc'.

 [9]
\openout2 = `Capitula/Capitulum_1.aux'.

 (./Capitula/Capitulum_1.tex
  1.
LaTeX Font Info:    Font shape `T1/ptm/bx/sc' in size <20.74> not available
(Font)              Font shape `T1/ptm/b/sc' tried instead on input line 1.
LaTeX Font Info:    Try loading font information for T1+psbj on input line 1.
LaTeX Font Info:    No file T1psbj.fd. on input line 1.

LaTeX Font Warning: Font shape `T1/psbj/m/n' undefined
(Font)              using `T1/cmr/m/n' instead on input line 1.


LaTeX Font Warning: Font shape `T1/cmr/m/n' in size <60> not available
(Font)              size <35.83> substituted on input line 1.


LaTeX Font Warning: Font shape `T1/psbj/m/n' in size <60> not available
(Font)              size <35.83> substituted on input line 1.

[10


] [11]) [12]
\openout2 = `Capitula/Capitulum_2.aux'.

 (./Capitula/Capitulum_2.tex
  2.
[13



]
LaTeX Font Info:    Font shape `T1/ptm/bx/n' in size <10> not available
(Font)              Font shape `T1/ptm/b/n' tried instead on input line 53.
<<<<<<< HEAD
 [14] [15] [16] [17] [18]
Overfull \hbox (18.88501pt too wide) in paragraph at lines 257--258
$\OMS/cmsy/m/n/11 P[]$ \T1/ptm/m/n/11 is then the co-ar-sest par-ti-tion betwee
n $\OT1/cmr/m/n/11 (\OMS/cmsy/m/n/11 f\OML/cmm/m/it/11 A; D\OMS/cmsy/m/n/11 g\O
ML/cmm/m/it/11 ; \OT1/cmr/m/n/11 0)\OMS/cmsy/m/n/11 j\OML/cmm/m/it/11 Q \OT1/cm
r/m/n/11 = \OMS/cmsy/m/n/11 ff\OML/cmm/m/it/11 B; E\OMS/cmsy/m/n/11 g\OML/cmm/m
/it/11 ; \OMS/cmsy/m/n/11 f\OML/cmm/m/it/11 A; C; D\OMS/cmsy/m/n/11 gg$ \T1/ptm
/m/n/11 and $\OT1/cmr/m/n/11 (\OMS/cmsy/m/n/11 f\OML/cmm/m/it/11 B; C; E\OMS/cm
sy/m/n/11 g\OML/cmm/m/it/11 ; \OT1/cmr/m/n/11 0)\OMS/cmsy/m/n/11 j\OML/cmm/m/it
/11 Q \OT1/cmr/m/n/11 =
 []

[19]
Overfull \hbox (13.71593pt too wide) in paragraph at lines 283--284
=======
 [12] [13]

Package natbib Warning: Citation `berstel.10' on page 14 undefined on input lin
e 91.

[14] [15]

LaTeX Warning: Reference `eq:mooreequiv' on page 16 undefined on input line 202
.


LaTeX Warning: Reference `eq:mooreequiv' on page 16 undefined on input line 202
.

[16]
Overfull \hbox (18.57257pt too wide) in paragraph at lines 233--234
\OMS/cmsy/m/n/11 ff\OML/cmm/m/it/11 B; E\OMS/cmsy/m/n/11 g\OML/cmm/m/it/11 ; \O
MS/cmsy/m/n/11 f\OML/cmm/m/it/11 A; C; D\OMS/cmsy/m/n/11 gg$ \T1/ptm/m/n/11 and
 $\OT1/cmr/m/n/11 (\OMS/cmsy/m/n/11 f\OML/cmm/m/it/11 B; C; E\OMS/cmsy/m/n/11 g
\OML/cmm/m/it/11 ; \OT1/cmr/m/n/11 0)\OMS/cmsy/m/n/11 j\OML/cmm/m/it/11 Q \OT1/
cmr/m/n/11 = \OMS/cmsy/m/n/11 ff\OML/cmm/m/it/11 A; C; D\OMS/cmsy/m/n/11 g\OML/
cmm/m/it/11 ; \OMS/cmsy/m/n/11 f\OML/cmm/m/it/11 B; E\OMS/cmsy/m/n/11 gg$\T1/pt
m/m/n/11 . Thus $\OMS/cmsy/m/n/11 P[] \OT1/cmr/m/n/11 = \OMS/cmsy/m/n/11 ff\OML
/cmm/m/it/11 A; C; D\OMS/cmsy/m/n/11 g\OML/cmm/m/it/11 ; \OMS/cmsy/m/n/11 f\OML
/cmm/m/it/11 B; E\OMS/cmsy/m/n/11 gg$\T1/ptm/m/n/11 . 
 []


Overfull \hbox (13.17586pt too wide) in paragraph at lines 235--236
\OMS/cmsy/m/n/11 f\OML/cmm/m/it/11 A; B; C; D; E\OMS/cmsy/m/n/11 g$ \T1/ptm/m/n
/11 and $\OT1/cmr/m/n/11 (\OMS/cmsy/m/n/11 f\OML/cmm/m/it/11 B; C; E\OMS/cmsy/m
/n/11 g\OML/cmm/m/it/11 ; \OT1/cmr/m/n/11 1)\OMS/cmsy/m/n/11 j\OML/cmm/m/it/11 
Q$\T1/ptm/m/n/11 : $\OML/cmm/m/it/11 Q \OMS/cmsy/m/n/11 \ \OT1/cmr/m/n/11 1[]\O
MS/cmsy/m/n/11 f\OML/cmm/m/it/11 B; C; E\OMS/cmsy/m/n/11 g \OT1/cmr/m/n/11 = \O
MS/cmsy/m/n/11 f\OML/cmm/m/it/11 A; D\OMS/cmsy/m/n/11 g$ \T1/ptm/m/n/11 and $\O
ML/cmm/m/it/11 Q\OMS/cmsy/m/n/11 n\OT1/cmr/m/n/11 0[]\OMS/cmsy/m/n/11 f\OML/cmm
/m/it/11 A; D\OMS/cmsy/m/n/11 g \OT1/cmr/m/n/11 = \OMS/cmsy/m/n/11 f\OML/cmm/m/
it/11 B; C; E\OMS/cmsy/m/n/11 g$\T1/ptm/m/n/11 .
 []


Overfull \hbox (13.71593pt too wide) in paragraph at lines 235--236
>>>>>>> c36c0aefd7d800ea23687cad1a168257e649c923
\T1/ptm/m/n/11 The co-ar-sest par-ti-tion between $\OMS/cmsy/m/n/11 ff\OML/cmm/
m/it/11 A; B; C; D; E\OMS/cmsy/m/n/11 gg$ \T1/ptm/m/n/11 and $\OMS/cmsy/m/n/11 
ff\OML/cmm/m/it/11 A; D\OMS/cmsy/m/n/11 g\OML/cmm/m/it/11 ; \OMS/cmsy/m/n/11 f\
OML/cmm/m/it/11 B; C; E\OMS/cmsy/m/n/11 gg$ \T1/ptm/m/n/11 is $\OMS/cmsy/m/n/11
 ff\OML/cmm/m/it/11 A; D\OMS/cmsy/m/n/11 g\OML/cmm/m/it/11 ; \OMS/cmsy/m/n/11 f
\OML/cmm/m/it/11 B; C; E\OMS/cmsy/m/n/11 gg \OT1/cmr/m/n/11 =
 []


<<<<<<< HEAD
Overfull \hbox (6.24437pt too wide) in paragraph at lines 285--286
=======
Overfull \hbox (6.24437pt too wide) in paragraph at lines 237--238
>>>>>>> c36c0aefd7d800ea23687cad1a168257e649c923
[]\T1/ptm/m/n/11 The next step is to take the co-ar-sest par-ti-tion between $\
OMS/cmsy/m/n/11 P[]$ \T1/ptm/m/n/11 and $\OMS/cmsy/m/n/11 P[]$\T1/ptm/m/n/11 , 
which is $\OMS/cmsy/m/n/11 ff\OML/cmm/m/it/11 A; D\OMS/cmsy/m/n/11 g\OML/cmm/m/
it/11 ; \OMS/cmsy/m/n/11 f\OML/cmm/m/it/11 C\OMS/cmsy/m/n/11 g\OML/cmm/m/it/11 
; \OMS/cmsy/m/n/11 f\OML/cmm/m/it/11 B; E\OMS/cmsy/m/n/11 gg$\T1/ptm/m/n/11 .
 []

<<<<<<< HEAD

Overfull \hbox (60.36069pt too wide) in paragraph at lines 321--322
=======
[17]
Overfull \hbox (60.36069pt too wide) in paragraph at lines 273--274
>>>>>>> c36c0aefd7d800ea23687cad1a168257e649c923
\OMS/cmsy/m/n/11 ff\OML/cmm/m/it/11 A; D\OMS/cmsy/m/n/11 g\OML/cmm/m/it/11 ; \O
MS/cmsy/m/n/11 f\OML/cmm/m/it/11 B; C; E\OMS/cmsy/m/n/11 gg$ \T1/ptm/m/n/11 and
 $\OT1/cmr/m/n/11 (\OMS/cmsy/m/n/11 f\OML/cmm/m/it/11 B; E\OMS/cmsy/m/n/11 g\OM
L/cmm/m/it/11 ; \OT1/cmr/m/n/11 0)\OMS/cmsy/m/n/11 j\OML/cmm/m/it/11 Q \OT1/cmr
/m/n/11 = \OMS/cmsy/m/n/11 ff\OML/cmm/m/it/11 C\OMS/cmsy/m/n/11 g\OML/cmm/m/it/
11 ; \OMS/cmsy/m/n/11 f\OML/cmm/m/it/11 A; B; D; E\OMS/cmsy/m/n/11 gg$ \T1/ptm/
m/n/11 which re-sults in $\OMS/cmsy/m/n/11 P[] \OT1/cmr/m/n/11 = \OMS/cmsy/m/n/
11 ff\OML/cmm/m/it/11 B; E\OMS/cmsy/m/n/11 g\OML/cmm/m/it/11 ; \OMS/cmsy/m/n/11
 f\OML/cmm/m/it/11 A; D\OMS/cmsy/m/n/11 g\OML/cmm/m/it/11 ; \OMS/cmsy/m/n/11 f\
OML/cmm/m/it/11 C\OMS/cmsy/m/n/11 gg$\T1/ptm/m/n/11 .
 []


<<<<<<< HEAD
Overfull \hbox (18.80981pt too wide) in paragraph at lines 321--322
=======
Overfull \hbox (18.80981pt too wide) in paragraph at lines 273--274
>>>>>>> c36c0aefd7d800ea23687cad1a168257e649c923
\T1/ptm/m/n/11 Si-mi-larly, $\OT1/cmr/m/n/11 (\OMS/cmsy/m/n/11 f\OML/cmm/m/it/1
1 A; D\OMS/cmsy/m/n/11 g\OML/cmm/m/it/11 ; \OT1/cmr/m/n/11 1)\OMS/cmsy/m/n/11 j
\OML/cmm/m/it/11 Q \OT1/cmr/m/n/11 = \OMS/cmsy/m/n/11 ff\OML/cmm/m/it/11 A; B; 
C; D; E\OMS/cmsy/m/n/11 gg$\T1/ptm/m/n/11 , $\OT1/cmr/m/n/11 (\OMS/cmsy/m/n/11 
f\OML/cmm/m/it/11 C\OMS/cmsy/m/n/11 g\OML/cmm/m/it/11 ; \OT1/cmr/m/n/11 1)\OMS/
cmsy/m/n/11 j\OML/cmm/m/it/11 Q \OT1/cmr/m/n/11 = \OMS/cmsy/m/n/11 ff\OML/cmm/m
/it/11 A; B; C; D; E\OMS/cmsy/m/n/11 gg$ \T1/ptm/m/n/11 and $\OT1/cmr/m/n/11 (\
OMS/cmsy/m/n/11 f\OML/cmm/m/it/11 B; E\OMS/cmsy/m/n/11 g\OML/cmm/m/it/11 ; \OT1
/cmr/m/n/11 1)\OMS/cmsy/m/n/11 j\OML/cmm/m/it/11 Q \OT1/cmr/m/n/11 =
 []

<<<<<<< HEAD
[20] [21] [22] [23] [24] [25] [26] [27] [28]
LaTeX Font Info:    Try loading font information for T1+pcr on input line 673.

(/usr/share/texmf-dist/tex/latex/psnfss/t1pcr.fd
File: t1pcr.fd 2001/06/04 font definitions for T1/pcr.
)) [29] [30] [31]
=======
[18] [19]

Package natbib Warning: Citation `asok.11' on page 20 undefined on input line 3
42.

[20] [21]

Package natbib Warning: Citation `asok.11' on page 22 undefined on input line 4
47.

[22] [23] [24]

Package natbib Warning: Citation `asok.11' on page 25 undefined on input line 5
64.

[25] [26]
LaTeX Font Info:    Try loading font information for T1+pcr on input line 625.
 (/usr/share/texlive/texmf-dist/tex/latex/psnfss/t1pcr.fd
File: t1pcr.fd 2001/06/04 font definitions for T1/pcr.
)

Package natbib Warning: Citation `asok.11' on page 27 undefined on input line 6
94.

) [27] [28]
>>>>>>> c36c0aefd7d800ea23687cad1a168257e649c923
\openout2 = `Capitula/Capitulum_3.aux'.


(./Capitula/Capitulum_3.tex
  3.
[32



] [33] [34] [35] [36] [37]

LaTeX Warning: Float too large for page by 9.15932pt on input line 293.

[38]
Overfull \hbox (25.77966pt too wide) in paragraph at lines 311--312
\OMS/cmsy/m/n/11 f\OT1/cmr/m/n/11 1010\OMS/cmsy/m/n/11 g$\T1/ptm/m/n/11 , \T1/p
tm/m/it/11 suf-fi-xes\T1/ptm/m/n/11 [$\OT1/cmr/m/n/11 00$\T1/ptm/m/n/11 ] = $\O
MS/cmsy/m/n/11 f\OT1/cmr/m/n/11 000\OML/cmm/m/it/11 ; \OT1/cmr/m/n/11 100\OML/c
mm/m/it/11 ; \OT1/cmr/m/n/11 0100\OML/cmm/m/it/11 ; \OT1/cmr/m/n/11 1100\OMS/cm
sy/m/n/11 g$\T1/ptm/m/n/11 , \T1/ptm/m/it/11 suf-fi-xes\T1/ptm/m/n/11 [$\OT1/cm
r/m/n/11 101$\T1/ptm/m/n/11 ] = $\OMS/cmsy/m/n/11 f\OT1/cmr/m/n/11 0101\OML/cmm
/m/it/11 ; \OT1/cmr/m/n/11 1101\OMS/cmsy/m/n/11 g$\T1/ptm/m/n/11 , \T1/ptm/m/it
/11 suf-fi-xes\T1/ptm/m/n/11 [$\OT1/cmr/m/n/11 110$\T1/ptm/m/n/11 ] = $\OMS/cms
y/m/n/11 f\OT1/cmr/m/n/11 1110\OML/cmm/m/it/11 ; \OT1/cmr/m/n/11 0110\OMS/cmsy/
m/n/11 g$\T1/ptm/m/n/11 ,
 []


LaTeX Warning: Float too large for page by 9.15932pt on input line 391.


LaTeX Warning: `h' float specifier changed to `ht'.


LaTeX Warning: Float too large for page by 9.15932pt on input line 469.


LaTeX Warning: `h' float specifier changed to `ht'.


LaTeX Warning: Float too large for page by 9.15932pt on input line 547.


LaTeX Warning: `h' float specifier changed to `ht'.


LaTeX Warning: Float too large for page by 9.15932pt on input line 625.


LaTeX Warning: `h' float specifier changed to `ht'.


LaTeX Warning: Float too large for page by 9.15932pt on input line 702.


LaTeX Warning: `h' float specifier changed to `ht'.


LaTeX Warning: Float too large for page by 9.15932pt on input line 780.


LaTeX Warning: `h' float specifier changed to `ht'.

[39] [40] [41] [42] [43] [44]) [45] [46] [47] [48] [49] [50] [51] [52]
\openout2 = `Capitula/Capitulum_7.aux'.


(./Capitula/Capitulum_7.tex
  4.
[53



] [54] [55] [56] [57] [58] [59]) [60] [61] [62]
\openout2 = `Capitula/Capitulum_8.aux'.

 (./Capitula/Capitulum_8.tex
  5.
Package epstopdf Info: Source file: <Figuras/logisticmap.eps>
(epstopdf)                    date: 2016-11-28 09:15:01
(epstopdf)                    size: 36097 bytes
(epstopdf)             Output file: <Figuras/logisticmap-eps-converted-to.pdf>
(epstopdf)                    date: 2016-11-28 09:15:01
(epstopdf)                    size: 21532 bytes
(epstopdf)             Command: <repstopdf --outfile=Figuras/logisticmap-eps-co
nverted-to.pdf Figuras/logisticmap.eps>
(epstopdf)             \includegraphics on input line 20.
Package epstopdf Info: Output file is already uptodate.
<Figuras/logisticmap-eps-converted-to.pdf, id=229, 1734.48pt x 881.2925pt>
File: Figuras/logisticmap-eps-converted-to.pdf Graphic file (type pdf)

<use Figuras/logisticmap-eps-converted-to.pdf>
Package pdftex.def Info: Figuras/logisticmap-eps-converted-to.pdf used on input
 line 20.
(pdftex.def)             Requested size: 433.61894pt x 220.32259pt.
 [63



] [64 <./Figuras/logisticmap-eps-converted-to.pdf>]
Package epstopdf Info: Source file: <Figuras/figgec.eps>
(epstopdf)                    date: 2016-11-28 09:15:01
(epstopdf)                    size: 133979 bytes
(epstopdf)             Output file: <Figuras/figgec-eps-converted-to.pdf>
(epstopdf)                    date: 2016-11-28 09:15:01
(epstopdf)                    size: 29998 bytes
(epstopdf)             Command: <repstopdf --outfile=Figuras/figgec-eps-convert
ed-to.pdf Figuras/figgec.eps>
(epstopdf)             \includegraphics on input line 51.
Package epstopdf Info: Output file is already uptodate.

<Figuras/figgec-eps-converted-to.pdf, id=272, 958.58125pt x 667.49374pt>
File: Figuras/figgec-eps-converted-to.pdf Graphic file (type pdf)

<use Figuras/figgec-eps-converted-to.pdf>
Package pdftex.def Info: Figuras/figgec-eps-converted-to.pdf used on input line
 51.
(pdftex.def)             Requested size: 227.62154pt x 170.71281pt.


LaTeX Warning: Command \^ invalid in math mode on input line 64.


LaTeX Warning: Command \^ invalid in math mode on input line 64.

Missing character: There is no Â in font cmr10!
Missing character: There is no Â in font cmr10!
[65 <./Figuras/figgec-eps-converted-to.pdf>]) [66]
\openout2 = `Capitula/Capitulum_6.aux'.

 (./Capitula/Capitulum_6.tex
  6.
) [67



]
\openout2 = `Capitula/Capitulum_4.aux'.

 (./Capitula/Capitulum_4.tex
  A.
) [68



]
\openout2 = `Capitula/Capitulum_5.aux'.

 (./Capitula/Capitulum_5.tex
  B.
) [69



] (./Capitula/Vitae.tex) (./DissertacaoFranch.bbl [70


] [71

]
** WARNING: IEEEtran.bst: No hyphenation pattern has been
** loaded for the language `English'. Using the pattern for
** the default language instead.
** WARNING: IEEEtran.bst: No hyphenation pattern has been
** loaded for the language `English'. Using the pattern for
** the default language instead.
** WARNING: IEEEtran.bst: No hyphenation pattern has been
** loaded for the language `English'. Using the pattern for
** the default language instead.
** WARNING: IEEEtran.bst: No hyphenation pattern has been
** loaded for the language `English'. Using the pattern for
** the default language instead.
** WARNING: IEEEtran.bst: No hyphenation pattern has been
** loaded for the language `English'. Using the pattern for
** the default language instead.
** WARNING: IEEEtran.bst: No hyphenation pattern has been
** loaded for the language `English'. Using the pattern for
** the default language instead.
) 
AED: lastpage setting LastPage
[72]
\tf@thm=\write10
\openout10 = `DissertacaoFranch.thm'.

 (./DissertacaoFranch.aux (./Capitula/Capitulum_1.aux)
(./Capitula/Capitulum_2.aux) (./Capitula/Capitulum_3.aux)
(./Capitula/Capitulum_7.aux) (./Capitula/Capitulum_8.aux)
(./Capitula/Capitulum_6.aux) (./Capitula/Capitulum_4.aux)
(./Capitula/Capitulum_5.aux))

LaTeX Font Warning: Size substitutions with differences
(Font)              up to 24.17pt have occurred.


LaTeX Font Warning: Some font shapes were not available, defaults substituted.


<<<<<<< HEAD
=======
LaTeX Warning: There were undefined references.


>>>>>>> c36c0aefd7d800ea23687cad1a168257e649c923
LaTeX Warning: Label(s) may have changed. Rerun to get cross-references right.

 )
(\end occurred inside a group at level 7)

### simple group (level 7) entered at line 4 ({)
### simple group (level 6) entered at line 3 ({)
### simple group (level 5) entered at line 4 ({)
### simple group (level 4) entered at line 4 ({)
### simple group (level 3) entered at line 12 ({)
### simple group (level 2) entered at line 12 ({)
### simple group (level 1) entered at line 4 ({)
### bottom level 
Here is how much of TeX's memory you used:
<<<<<<< HEAD
 25203 strings out of 493013
 464118 string characters out of 6139317
 938763 words of memory out of 5000000
 28044 multiletter control sequences out of 15000+600000
 147315 words of font info for 181 fonts, out of 8000000 for 9000
 1141 hyphenation exceptions out of 8191
 62i,16n,92p,1991b,1976s stack positions out of 5000i,500n,10000p,200000b,80000s
{/usr/share/texmf-dist/fonts/enc/dvips/base/8r.enc}{/usr/share/
texmf-dist/fonts/enc/dvips/cm-super/cm-super-t1.enc}</usr/share/texmf-dist/font
s/type1/public/amsfonts/cm/cmex10.pfb></usr/share/texmf-dist/fonts/type1/public
/amsfonts/cm/cmmi10.pfb></usr/share/texmf-dist/fonts/type1/public/amsfonts/cm/c
mmi5.pfb></usr/share/texmf-dist/fonts/type1/public/amsfonts/cm/cmmi7.pfb></usr/
share/texmf-dist/fonts/type1/public/amsfonts/cm/cmmi8.pfb></usr/share/texmf-dis
t/fonts/type1/public/amsfonts/cm/cmr10.pfb></usr/share/texmf-dist/fonts/type1/p
ublic/amsfonts/cm/cmr12.pfb></usr/share/texmf-dist/fonts/type1/public/amsfonts/
cm/cmr5.pfb></usr/share/texmf-dist/fonts/type1/public/amsfonts/cm/cmr7.pfb></us
r/share/texmf-dist/fonts/type1/public/amsfonts/cm/cmr8.pfb></usr/share/texmf-di
st/fonts/type1/public/amsfonts/cm/cmsy10.pfb></usr/share/texmf-dist/fonts/type1
/public/amsfonts/cm/cmsy7.pfb></usr/share/texmf-dist/fonts/type1/public/amsfont
s/cm/cmsy8.pfb></usr/share/texmf-dist/fonts/type1/public/amsfonts/symbols/msam1
0.pfb></usr/share/texmf-dist/fonts/type1/public/cm-super/sfrm3583.pfb></usr/sha
re/texmf-dist/fonts/type1/urw/courier/ucrr8a.pfb></usr/share/texmf-dist/fonts/t
ype1/urw/times/utmb8a.pfb></usr/share/texmf-dist/fonts/type1/urw/times/utmr8a.p
fb></usr/share/texmf-dist/fonts/type1/urw/times/utmri8a.pfb>
Output written on DissertacaoFranch.pdf (73 pages, 466223 bytes).
=======
 25158 strings out of 493029
 465809 string characters out of 6136234
 936969 words of memory out of 5000000
 28000 multiletter control sequences out of 15000+600000
 147315 words of font info for 181 fonts, out of 8000000 for 9000
 1141 hyphenation exceptions out of 8191
 62i,16n,92p,1991b,1834s stack positions out of 5000i,500n,10000p,200000b,80000s
{/usr/share/texlive/texmf-dist/fonts/enc/dvips/base/8r.enc}{/us
r/share/texmf/fonts/enc/dvips/cm-super/cm-super-t1.enc}</usr/share/texlive/texm
f-dist/fonts/type1/public/amsfonts/cm/cmex10.pfb></usr/share/texlive/texmf-dist
/fonts/type1/public/amsfonts/cm/cmmi10.pfb></usr/share/texlive/texmf-dist/fonts
/type1/public/amsfonts/cm/cmmi5.pfb></usr/share/texlive/texmf-dist/fonts/type1/
public/amsfonts/cm/cmmi7.pfb></usr/share/texlive/texmf-dist/fonts/type1/public/
amsfonts/cm/cmmi8.pfb></usr/share/texlive/texmf-dist/fonts/type1/public/amsfont
s/cm/cmr10.pfb></usr/share/texlive/texmf-dist/fonts/type1/public/amsfonts/cm/cm
r12.pfb></usr/share/texlive/texmf-dist/fonts/type1/public/amsfonts/cm/cmr5.pfb>
</usr/share/texlive/texmf-dist/fonts/type1/public/amsfonts/cm/cmr7.pfb></usr/sh
are/texlive/texmf-dist/fonts/type1/public/amsfonts/cm/cmr8.pfb></usr/share/texl
ive/texmf-dist/fonts/type1/public/amsfonts/cm/cmsy10.pfb></usr/share/texlive/te
xmf-dist/fonts/type1/public/amsfonts/cm/cmsy7.pfb></usr/share/texlive/texmf-dis
t/fonts/type1/public/amsfonts/cm/cmsy8.pfb></usr/share/texlive/texmf-dist/fonts
/type1/public/amsfonts/symbols/msam10.pfb></usr/share/texmf/fonts/type1/public/
cm-super/sfrm3583.pfb></usr/share/texlive/texmf-dist/fonts/type1/urw/courier/uc
rr8a.pfb></usr/share/texlive/texmf-dist/fonts/type1/urw/times/utmb8a.pfb></usr/
share/texlive/texmf-dist/fonts/type1/urw/times/utmr8a.pfb></usr/share/texlive/t
exmf-dist/fonts/type1/urw/times/utmri8a.pfb>
Output written on DissertacaoFranch.pdf (72 pages, 464729 bytes).
>>>>>>> c36c0aefd7d800ea23687cad1a168257e649c923
PDF statistics:
 368 PDF objects out of 1000 (max. 8388607)
 236 compressed objects within 3 object streams
 0 named destinations out of 1000 (max. 500000)
 35 words of extra memory for PDF output out of 10000 (max. 10000000)

